2021-03-14 08:06:43.161 [main] INFO  calculator.Calc - Result of factorial is: 6.0
2021-03-14 08:06:43.165 [main] INFO  calculator.Calc - Result of factorial is: 120.0
2021-03-14 08:06:43.166 [main] INFO  calculator.Calc - Calculating Square root  of number 9.0
2021-03-14 08:06:43.167 [main] INFO  calculator.Calc - Result of squareRoot is : 3.0
2021-03-14 08:06:43.167 [main] INFO  calculator.Calc - Calculating Square root  of number 16.0
2021-03-14 08:06:43.168 [main] INFO  calculator.Calc - Result of squareRoot is : 4.0
2021-03-14 08:06:43.168 [main] INFO  calculator.Calc - Calculating Square root  of number -10.0
2021-03-14 08:06:43.168 [main] ERROR calculator.Calc - Number cannot be negative Case of NaN squareRoot of < 0
2021-03-14 08:06:43.169 [main] INFO  calculator.Calc - Result of squareRoot is : NaN
2021-03-14 08:06:43.169 [main] INFO  calculator.Calc - Calculating Natural log of 17.0
2021-03-14 08:06:43.170 [main] INFO  calculator.Calc - Result of naturalLog is : 2.833213344056216
2021-03-14 08:06:43.170 [main] INFO  calculator.Calc - Calculating Natural log of 6.0
2021-03-14 08:06:43.170 [main] INFO  calculator.Calc - Result of naturalLog is : 1.791759469228055
2021-03-14 08:06:43.170 [main] INFO  calculator.Calc - Calculating Natural log of 0.0
2021-03-14 08:06:43.171 [main] ERROR calculator.Calc - Number cannot be negative Case of NaN log of <= 0
2021-03-14 08:06:43.171 [main] INFO  calculator.Calc - Result of naturalLog is : NaN
2021-03-14 08:06:43.172 [main] INFO  calculator.Calc - Calculating Square root  of number 10.0
2021-03-14 08:06:43.172 [main] INFO  calculator.Calc - Result of squareRoot is : 3.1622776601683795
2021-03-14 08:06:43.172 [main] INFO  calculator.Calc - Calculating Square root  of number 16.0
2021-03-14 08:06:43.172 [main] INFO  calculator.Calc - Result of squareRoot is : 4.0
2021-03-14 08:06:43.173 [main] INFO  calculator.Calc - Calculating Square root  of number -16.0
2021-03-14 08:06:43.173 [main] ERROR calculator.Calc - Number cannot be negative Case of NaN squareRoot of < 0
2021-03-14 08:06:43.173 [main] INFO  calculator.Calc - Result of squareRoot is : NaN
2021-03-14 08:06:43.174 [main] INFO  calculator.Calc - Calculating Natural log of 14.0
2021-03-14 08:06:43.174 [main] INFO  calculator.Calc - Result of naturalLog is : 2.6390573296152584
2021-03-14 08:06:43.174 [main] INFO  calculator.Calc - Calculating Natural log of 9.0
2021-03-14 08:06:43.174 [main] INFO  calculator.Calc - Result of naturalLog is : 2.1972245773362196
2021-03-14 08:06:43.175 [main] INFO  calculator.Calc - Calculating Natural log of 0.0
2021-03-14 08:06:43.175 [main] ERROR calculator.Calc - Number cannot be negative Case of NaN log of <= 0
2021-03-14 08:06:43.175 [main] INFO  calculator.Calc - Result of naturalLog is : NaN
2021-03-14 08:06:43.176 [main] INFO  calculator.Calc - Result of factorial is: 6.0
2021-03-14 08:06:43.176 [main] INFO  calculator.Calc - Result of factorial is: 120.0
2021-03-14 08:06:43.176 [main] INFO  calculator.Calc - Calculating Power  of two numbers 2.0 and 3.0
2021-03-14 08:06:43.177 [main] INFO  calculator.Calc - Result of power is : 8.0
2021-03-14 08:06:43.177 [main] INFO  calculator.Calc - Calculating Power  of two numbers 3.0 and 3.0
2021-03-14 08:06:43.177 [main] INFO  calculator.Calc - Result of power is : 27.0
2021-03-14 08:06:43.178 [main] INFO  calculator.Calc - Calculating Power  of two numbers 2.0 and 2.0
2021-03-14 08:06:43.178 [main] INFO  calculator.Calc - Result of power is : 4.0
2021-03-14 08:06:43.178 [main] INFO  calculator.Calc - Calculating Power  of two numbers 3.0 and 3.0
2021-03-14 08:06:43.179 [main] INFO  calculator.Calc - Result of power is : 27.0
2021-03-14 10:33:14.988 [main] INFO  calculator.Calc - Result of factorial is: 6.0
2021-03-14 10:33:14.991 [main] INFO  calculator.Calc - Result of factorial is: 120.0
2021-03-14 10:33:14.992 [main] INFO  calculator.Calc - Calculating Square root  of number 9.0
2021-03-14 10:33:14.992 [main] INFO  calculator.Calc - Result of squareRoot is : 3.0
2021-03-14 10:33:14.993 [main] INFO  calculator.Calc - Calculating Square root  of number 16.0
2021-03-14 10:33:14.993 [main] INFO  calculator.Calc - Result of squareRoot is : 4.0
2021-03-14 10:33:14.993 [main] INFO  calculator.Calc - Calculating Square root  of number -10.0
2021-03-14 10:33:14.993 [main] ERROR calculator.Calc - Number cannot be negative Case of NaN squareRoot of < 0
2021-03-14 10:33:14.994 [main] INFO  calculator.Calc - Result of squareRoot is : NaN
2021-03-14 10:33:14.994 [main] INFO  calculator.Calc - Calculating Natural log of 17.0
2021-03-14 10:33:14.995 [main] INFO  calculator.Calc - Result of naturalLog is : 2.833213344056216
2021-03-14 10:33:14.995 [main] INFO  calculator.Calc - Calculating Natural log of 6.0
2021-03-14 10:33:14.995 [main] INFO  calculator.Calc - Result of naturalLog is : 1.791759469228055
2021-03-14 10:33:14.996 [main] INFO  calculator.Calc - Calculating Natural log of 0.0
2021-03-14 10:33:14.996 [main] ERROR calculator.Calc - Number cannot be negative Case of NaN log of <= 0
2021-03-14 10:33:14.996 [main] INFO  calculator.Calc - Result of naturalLog is : NaN
2021-03-14 10:33:14.997 [main] INFO  calculator.Calc - Calculating Square root  of number 10.0
2021-03-14 10:33:14.997 [main] INFO  calculator.Calc - Result of squareRoot is : 3.1622776601683795
2021-03-14 10:33:14.997 [main] INFO  calculator.Calc - Calculating Square root  of number 16.0
2021-03-14 10:33:14.998 [main] INFO  calculator.Calc - Result of squareRoot is : 4.0
2021-03-14 10:33:14.998 [main] INFO  calculator.Calc - Calculating Square root  of number -16.0
2021-03-14 10:33:14.998 [main] ERROR calculator.Calc - Number cannot be negative Case of NaN squareRoot of < 0
2021-03-14 10:33:14.998 [main] INFO  calculator.Calc - Result of squareRoot is : NaN
2021-03-14 10:33:14.999 [main] INFO  calculator.Calc - Calculating Natural log of 14.0
2021-03-14 10:33:14.999 [main] INFO  calculator.Calc - Result of naturalLog is : 2.6390573296152584
2021-03-14 10:33:14.999 [main] INFO  calculator.Calc - Calculating Natural log of 9.0
2021-03-14 10:33:14.999 [main] INFO  calculator.Calc - Result of naturalLog is : 2.1972245773362196
2021-03-14 10:33:15.000 [main] INFO  calculator.Calc - Calculating Natural log of 0.0
2021-03-14 10:33:15.000 [main] ERROR calculator.Calc - Number cannot be negative Case of NaN log of <= 0
2021-03-14 10:33:15.000 [main] INFO  calculator.Calc - Result of naturalLog is : NaN
2021-03-14 10:33:15.001 [main] INFO  calculator.Calc - Result of factorial is: 6.0
2021-03-14 10:33:15.001 [main] INFO  calculator.Calc - Result of factorial is: 120.0
2021-03-14 10:33:15.002 [main] INFO  calculator.Calc - Calculating Power  of two numbers 2.0 and 3.0
2021-03-14 10:33:15.002 [main] INFO  calculator.Calc - Result of power is : 8.0
2021-03-14 10:33:15.002 [main] INFO  calculator.Calc - Calculating Power  of two numbers 3.0 and 3.0
2021-03-14 10:33:15.003 [main] INFO  calculator.Calc - Result of power is : 27.0
2021-03-14 10:33:15.003 [main] INFO  calculator.Calc - Calculating Power  of two numbers 2.0 and 2.0
2021-03-14 10:33:15.004 [main] INFO  calculator.Calc - Result of power is : 4.0
2021-03-14 10:33:15.004 [main] INFO  calculator.Calc - Calculating Power  of two numbers 3.0 and 3.0
2021-03-14 10:33:15.004 [main] INFO  calculator.Calc - Result of power is : 27.0
2021-03-14 10:43:34.325 [main] INFO  calculator.Calc - Result of factorial is: 6.0
2021-03-14 10:43:34.327 [main] INFO  calculator.Calc - Result of factorial is: 120.0
2021-03-14 10:43:34.328 [main] INFO  calculator.Calc - Calculating Square root  of number 9.0
2021-03-14 10:43:34.329 [main] INFO  calculator.Calc - Result of squareRoot is : 3.0
2021-03-14 10:43:34.329 [main] INFO  calculator.Calc - Calculating Square root  of number 16.0
2021-03-14 10:43:34.329 [main] INFO  calculator.Calc - Result of squareRoot is : 4.0
2021-03-14 10:43:34.330 [main] INFO  calculator.Calc - Calculating Square root  of number -10.0
2021-03-14 10:43:34.330 [main] ERROR calculator.Calc - Number cannot be negative Case of NaN squareRoot of < 0
2021-03-14 10:43:34.330 [main] INFO  calculator.Calc - Result of squareRoot is : NaN
2021-03-14 10:43:34.331 [main] INFO  calculator.Calc - Calculating Natural log of 17.0
2021-03-14 10:43:34.331 [main] INFO  calculator.Calc - Result of naturalLog is : 2.833213344056216
2021-03-14 10:43:34.332 [main] INFO  calculator.Calc - Calculating Natural log of 6.0
2021-03-14 10:43:34.332 [main] INFO  calculator.Calc - Result of naturalLog is : 1.791759469228055
2021-03-14 10:43:34.332 [main] INFO  calculator.Calc - Calculating Natural log of 0.0
2021-03-14 10:43:34.332 [main] ERROR calculator.Calc - Number cannot be negative Case of NaN log of <= 0
2021-03-14 10:43:34.333 [main] INFO  calculator.Calc - Result of naturalLog is : NaN
2021-03-14 10:43:34.333 [main] INFO  calculator.Calc - Calculating Square root  of number 10.0
2021-03-14 10:43:34.333 [main] INFO  calculator.Calc - Result of squareRoot is : 3.1622776601683795
2021-03-14 10:43:34.334 [main] INFO  calculator.Calc - Calculating Square root  of number 16.0
2021-03-14 10:43:34.334 [main] INFO  calculator.Calc - Result of squareRoot is : 4.0
2021-03-14 10:43:34.334 [main] INFO  calculator.Calc - Calculating Square root  of number -16.0
2021-03-14 10:43:34.335 [main] ERROR calculator.Calc - Number cannot be negative Case of NaN squareRoot of < 0
2021-03-14 10:43:34.335 [main] INFO  calculator.Calc - Result of squareRoot is : NaN
2021-03-14 10:43:34.336 [main] INFO  calculator.Calc - Calculating Natural log of 14.0
2021-03-14 10:43:34.336 [main] INFO  calculator.Calc - Result of naturalLog is : 2.6390573296152584
2021-03-14 10:43:34.336 [main] INFO  calculator.Calc - Calculating Natural log of 9.0
2021-03-14 10:43:34.336 [main] INFO  calculator.Calc - Result of naturalLog is : 2.1972245773362196
2021-03-14 10:43:34.336 [main] INFO  calculator.Calc - Calculating Natural log of 0.0
2021-03-14 10:43:34.336 [main] ERROR calculator.Calc - Number cannot be negative Case of NaN log of <= 0
2021-03-14 10:43:34.337 [main] INFO  calculator.Calc - Result of naturalLog is : NaN
2021-03-14 10:43:34.337 [main] INFO  calculator.Calc - Result of factorial is: 6.0
2021-03-14 10:43:34.337 [main] INFO  calculator.Calc - Result of factorial is: 120.0
2021-03-14 10:43:34.338 [main] INFO  calculator.Calc - Calculating Power  of two numbers 2.0 and 3.0
2021-03-14 10:43:34.338 [main] INFO  calculator.Calc - Result of power is : 8.0
2021-03-14 10:43:34.338 [main] INFO  calculator.Calc - Calculating Power  of two numbers 3.0 and 3.0
2021-03-14 10:43:34.339 [main] INFO  calculator.Calc - Result of power is : 27.0
2021-03-14 10:43:34.339 [main] INFO  calculator.Calc - Calculating Power  of two numbers 2.0 and 2.0
2021-03-14 10:43:34.340 [main] INFO  calculator.Calc - Result of power is : 4.0
2021-03-14 10:43:34.340 [main] INFO  calculator.Calc - Calculating Power  of two numbers 3.0 and 3.0
2021-03-14 10:43:34.340 [main] INFO  calculator.Calc - Result of power is : 27.0
2021-03-14 10:44:49.347 [main] INFO  calculator.Calc - Result of factorial is: 6.0
2021-03-14 10:44:49.349 [main] INFO  calculator.Calc - Result of factorial is: 120.0
2021-03-14 10:44:49.350 [main] INFO  calculator.Calc - Calculating Square root  of number 9.0
2021-03-14 10:44:49.351 [main] INFO  calculator.Calc - Result of squareRoot is : 3.0
2021-03-14 10:44:49.351 [main] INFO  calculator.Calc - Calculating Square root  of number 16.0
2021-03-14 10:44:49.351 [main] INFO  calculator.Calc - Result of squareRoot is : 4.0
2021-03-14 10:44:49.351 [main] INFO  calculator.Calc - Calculating Square root  of number -10.0
2021-03-14 10:44:49.352 [main] ERROR calculator.Calc - Number cannot be negative Case of NaN squareRoot of < 0
2021-03-14 10:44:49.352 [main] INFO  calculator.Calc - Result of squareRoot is : NaN
2021-03-14 10:44:49.352 [main] INFO  calculator.Calc - Calculating Natural log of 17.0
2021-03-14 10:44:49.353 [main] INFO  calculator.Calc - Result of naturalLog is : 2.833213344056216
2021-03-14 10:44:49.353 [main] INFO  calculator.Calc - Calculating Natural log of 6.0
2021-03-14 10:44:49.353 [main] INFO  calculator.Calc - Result of naturalLog is : 1.791759469228055
2021-03-14 10:44:49.353 [main] INFO  calculator.Calc - Calculating Natural log of 0.0
2021-03-14 10:44:49.353 [main] ERROR calculator.Calc - Number cannot be negative Case of NaN log of <= 0
2021-03-14 10:44:49.354 [main] INFO  calculator.Calc - Result of naturalLog is : NaN
2021-03-14 10:44:49.354 [main] INFO  calculator.Calc - Calculating Square root  of number 10.0
2021-03-14 10:44:49.354 [main] INFO  calculator.Calc - Result of squareRoot is : 3.1622776601683795
2021-03-14 10:44:49.355 [main] INFO  calculator.Calc - Calculating Square root  of number 16.0
2021-03-14 10:44:49.355 [main] INFO  calculator.Calc - Result of squareRoot is : 4.0
2021-03-14 10:44:49.355 [main] INFO  calculator.Calc - Calculating Square root  of number -16.0
2021-03-14 10:44:49.355 [main] ERROR calculator.Calc - Number cannot be negative Case of NaN squareRoot of < 0
2021-03-14 10:44:49.356 [main] INFO  calculator.Calc - Result of squareRoot is : NaN
2021-03-14 10:44:49.356 [main] INFO  calculator.Calc - Calculating Natural log of 14.0
2021-03-14 10:44:49.356 [main] INFO  calculator.Calc - Result of naturalLog is : 2.6390573296152584
2021-03-14 10:44:49.357 [main] INFO  calculator.Calc - Calculating Natural log of 9.0
2021-03-14 10:44:49.357 [main] INFO  calculator.Calc - Result of naturalLog is : 2.1972245773362196
2021-03-14 10:44:49.357 [main] INFO  calculator.Calc - Calculating Natural log of 0.0
2021-03-14 10:44:49.357 [main] ERROR calculator.Calc - Number cannot be negative Case of NaN log of <= 0
2021-03-14 10:44:49.358 [main] INFO  calculator.Calc - Result of naturalLog is : NaN
2021-03-14 10:44:49.358 [main] INFO  calculator.Calc - Result of factorial is: 6.0
2021-03-14 10:44:49.358 [main] INFO  calculator.Calc - Result of factorial is: 120.0
2021-03-14 10:44:49.359 [main] INFO  calculator.Calc - Calculating Power  of two numbers 2.0 and 3.0
2021-03-14 10:44:49.359 [main] INFO  calculator.Calc - Result of power is : 8.0
2021-03-14 10:44:49.359 [main] INFO  calculator.Calc - Calculating Power  of two numbers 3.0 and 3.0
2021-03-14 10:44:49.360 [main] INFO  calculator.Calc - Result of power is : 27.0
2021-03-14 10:44:49.360 [main] INFO  calculator.Calc - Calculating Power  of two numbers 2.0 and 2.0
2021-03-14 10:44:49.361 [main] INFO  calculator.Calc - Result of power is : 4.0
2021-03-14 10:44:49.361 [main] INFO  calculator.Calc - Calculating Power  of two numbers 3.0 and 3.0
2021-03-14 10:44:49.361 [main] INFO  calculator.Calc - Result of power is : 27.0
2021-03-14 10:53:23.263 [main] INFO  calculator.Calc - Result of factorial is: 6.0
2021-03-14 10:53:23.266 [main] INFO  calculator.Calc - Result of factorial is: 120.0
2021-03-14 10:53:23.270 [main] INFO  calculator.Calc - Calculating Square root  of number 9.0
2021-03-14 10:53:23.270 [main] INFO  calculator.Calc - Result of squareRoot is : 3.0
2021-03-14 10:53:23.271 [main] INFO  calculator.Calc - Calculating Square root  of number 16.0
2021-03-14 10:53:23.271 [main] INFO  calculator.Calc - Result of squareRoot is : 4.0
2021-03-14 10:53:23.271 [main] INFO  calculator.Calc - Calculating Square root  of number -10.0
2021-03-14 10:53:23.272 [main] ERROR calculator.Calc - Number cannot be negative Case of NaN squareRoot of < 0
2021-03-14 10:53:23.272 [main] INFO  calculator.Calc - Result of squareRoot is : NaN
2021-03-14 10:53:23.272 [main] INFO  calculator.Calc - Calculating Natural log of 17.0
2021-03-14 10:53:23.273 [main] INFO  calculator.Calc - Result of naturalLog is : 2.833213344056216
2021-03-14 10:53:23.273 [main] INFO  calculator.Calc - Calculating Natural log of 6.0
2021-03-14 10:53:23.273 [main] INFO  calculator.Calc - Result of naturalLog is : 1.791759469228055
2021-03-14 10:53:23.273 [main] INFO  calculator.Calc - Calculating Natural log of 0.0
2021-03-14 10:53:23.274 [main] ERROR calculator.Calc - Number cannot be negative Case of NaN log of <= 0
2021-03-14 10:53:23.274 [main] INFO  calculator.Calc - Result of naturalLog is : NaN
2021-03-14 10:53:23.274 [main] INFO  calculator.Calc - Calculating Square root  of number 10.0
2021-03-14 10:53:23.274 [main] INFO  calculator.Calc - Result of squareRoot is : 3.1622776601683795
2021-03-14 10:53:23.274 [main] INFO  calculator.Calc - Calculating Square root  of number 16.0
2021-03-14 10:53:23.275 [main] INFO  calculator.Calc - Result of squareRoot is : 4.0
2021-03-14 10:53:23.275 [main] INFO  calculator.Calc - Calculating Square root  of number -16.0
2021-03-14 10:53:23.275 [main] ERROR calculator.Calc - Number cannot be negative Case of NaN squareRoot of < 0
2021-03-14 10:53:23.275 [main] INFO  calculator.Calc - Result of squareRoot is : NaN
2021-03-14 10:53:23.275 [main] INFO  calculator.Calc - Calculating Natural log of 14.0
2021-03-14 10:53:23.276 [main] INFO  calculator.Calc - Result of naturalLog is : 2.6390573296152584
2021-03-14 10:53:23.276 [main] INFO  calculator.Calc - Calculating Natural log of 9.0
2021-03-14 10:53:23.276 [main] INFO  calculator.Calc - Result of naturalLog is : 2.1972245773362196
2021-03-14 10:53:23.276 [main] INFO  calculator.Calc - Calculating Natural log of 0.0
2021-03-14 10:53:23.276 [main] ERROR calculator.Calc - Number cannot be negative Case of NaN log of <= 0
2021-03-14 10:53:23.276 [main] INFO  calculator.Calc - Result of naturalLog is : NaN
2021-03-14 10:53:23.277 [main] INFO  calculator.Calc - Result of factorial is: 6.0
2021-03-14 10:53:23.277 [main] INFO  calculator.Calc - Result of factorial is: 120.0
2021-03-14 10:53:23.278 [main] INFO  calculator.Calc - Calculating Power  of two numbers 2.0 and 3.0
2021-03-14 10:53:23.279 [main] INFO  calculator.Calc - Result of power is : 8.0
2021-03-14 10:53:23.279 [main] INFO  calculator.Calc - Calculating Power  of two numbers 3.0 and 3.0
2021-03-14 10:53:23.279 [main] INFO  calculator.Calc - Result of power is : 27.0
2021-03-14 10:53:23.280 [main] INFO  calculator.Calc - Calculating Power  of two numbers 2.0 and 2.0
2021-03-14 10:53:23.280 [main] INFO  calculator.Calc - Result of power is : 4.0
2021-03-14 10:53:23.280 [main] INFO  calculator.Calc - Calculating Power  of two numbers 3.0 and 3.0
2021-03-14 10:53:23.281 [main] INFO  calculator.Calc - Result of power is : 27.0
